Java HotSpot(TM) 64-Bit Server VM warning: ignoring option MaxPermSize=256m; support was removed in 8.0
12:14:33,676 INFO  [org.jboss.modules] (main) JBoss Modules version 1.3.3.Final
12:14:33,946 INFO  [org.jboss.msc] (main) JBoss MSC version 1.2.2.Final
12:14:34,039 INFO  [org.jboss.as] (MSC service thread 1-6) JBAS015899: WildFly 8.2.0.Final "Tweek" starting
12:14:35,409 INFO  [org.jboss.as.server.deployment.scanner] (DeploymentScanner-threads - 1) JBAS015003: Found HelloWorld.war in deployment directory. To trigger deployment create a file called HelloWorld.war.dodeploy
12:14:35,436 INFO  [org.jboss.as.server] (Controller Boot Thread) JBAS015888: Creating http management service using socket-binding (management-http)
12:14:35,465 INFO  [org.xnio] (MSC service thread 1-3) XNIO version 3.3.0.Final
12:14:35,484 INFO  [org.xnio.nio] (MSC service thread 1-3) XNIO NIO Implementation Version 3.3.0.Final
12:14:35,554 WARN  [org.jboss.as.txn] (ServerService Thread Pool -- 46) JBAS010153: Node identifier property is set to the default value. Please make sure it is unique.
12:14:35,564 INFO  [org.jboss.as.security] (ServerService Thread Pool -- 45) JBAS013171: Activating Security Subsystem
12:14:35,574 INFO  [org.jboss.as.security] (MSC service thread 1-5) JBAS013170: Current PicketBox version=4.0.21.Final
12:14:35,579 INFO  [org.jboss.as.clustering.infinispan] (ServerService Thread Pool -- 32) JBAS010280: Activating Infinispan subsystem.
12:14:35,581 INFO  [org.jboss.as.naming] (ServerService Thread Pool -- 40) JBAS011800: Activating Naming Subsystem
12:14:35,566 INFO  [org.wildfly.extension.io] (ServerService Thread Pool -- 31) WFLYIO001: Worker 'default' has auto-configured to 8 core threads with 64 task threads based on your 4 available processors
12:14:35,609 INFO  [org.jboss.as.jsf] (ServerService Thread Pool -- 38) JBAS012615: Activated the following JSF Implementations: [main]
12:14:35,614 INFO  [org.jboss.as.connector.subsystems.datasources] (ServerService Thread Pool -- 27) JBAS010403: Deploying JDBC-compliant driver class org.h2.Driver (version 1.3)
12:14:35,631 INFO  [org.jboss.as.webservices] (ServerService Thread Pool -- 48) JBAS015537: Activating WebServices Extension
12:14:35,641 INFO  [org.wildfly.extension.undertow] (ServerService Thread Pool -- 47) JBAS017502: Undertow 1.1.0.Final starting
12:14:35,670 INFO  [org.wildfly.extension.undertow] (MSC service thread 1-8) JBAS017502: Undertow 1.1.0.Final starting
12:14:35,675 INFO  [org.jboss.as.connector.logging] (MSC service thread 1-7) JBAS010408: Starting JCA Subsystem (IronJacamar 1.1.9.Final)
12:14:35,705 INFO  [org.jboss.as.connector.deployers.jdbc] (MSC service thread 1-5) JBAS010417: Started Driver service with driver-name = h2
12:14:35,740 INFO  [org.jboss.as.naming] (MSC service thread 1-2) JBAS011802: Starting Naming Service
12:14:35,752 INFO  [org.jboss.as.mail.extension] (MSC service thread 1-7) JBAS015400: Bound mail session [java:jboss/mail/Default]
12:14:35,795 INFO  [org.jboss.remoting] (MSC service thread 1-1) JBoss Remoting version 4.0.6.Final
12:14:35,904 INFO  [org.wildfly.extension.undertow] (ServerService Thread Pool -- 47) JBAS017527: Creating file handler for path /home/zhenye1/wildfly-8.2.0.Final/welcome-content
12:14:35,953 INFO  [org.wildfly.extension.undertow] (MSC service thread 1-2) JBAS017525: Started server default-server.
12:14:35,995 INFO  [org.wildfly.extension.undertow] (MSC service thread 1-6) JBAS017531: Host default-host starting
12:14:36,372 INFO  [org.wildfly.extension.undertow] (MSC service thread 1-2) JBAS017519: Undertow HTTP listener default listening on localhost/127.0.0.1:8080
12:14:36,650 INFO  [org.jboss.as.server.deployment.scanner] (MSC service thread 1-1) JBAS015012: Started FileSystemDeploymentService for directory /home/zhenye1/wildfly-8.2.0.Final/standalone/deployments
12:14:36,685 INFO  [org.jboss.as.server.deployment] (MSC service thread 1-4) JBAS015876: Starting deployment of "HelloWorld.war" (runtime-name: "HelloWorld.war")
12:14:36,688 INFO  [org.jboss.as.server.deployment] (MSC service thread 1-8) JBAS015876: Starting deployment of "mysql-connector-java-5.1.34-bin.jar" (runtime-name: "mysql-connector-java-5.1.34-bin.jar")
12:14:36,813 INFO  [org.jboss.as.connector.subsystems.datasources] (MSC service thread 1-3) JBAS010400: Bound data source [java:jboss/datasources/ExampleDS]
12:14:37,429 INFO  [org.jboss.ws.common.management] (MSC service thread 1-2) JBWS022052: Starting JBoss Web Services - Stack CXF Server 4.3.2.Final
12:14:37,499 INFO  [org.jboss.as.connector.deployers.jdbc] (MSC service thread 1-2) JBAS010404: Deploying non-JDBC-compliant driver class com.mysql.jdbc.Driver (version 5.1)
12:14:37,501 INFO  [org.jboss.as.connector.deployers.jdbc] (MSC service thread 1-2) JBAS010404: Deploying non-JDBC-compliant driver class com.mysql.fabric.jdbc.FabricMySQLDriver (version 5.1)
12:14:37,534 INFO  [org.jboss.as.connector.deployers.jdbc] (MSC service thread 1-4) JBAS010417: Started Driver service with driver-name = mysql-connector-java-5.1.34-bin.jar_com.mysql.fabric.jdbc.FabricMySQLDriver_5_1
12:14:37,527 INFO  [org.jboss.as.connector.deployers.jdbc] (MSC service thread 1-6) JBAS010417: Started Driver service with driver-name = mysql-connector-java-5.1.34-bin.jar_com.mysql.jdbc.Driver_5_1
12:14:37,543 INFO  [org.jboss.as.connector.subsystems.datasources] (MSC service thread 1-2) JBAS010400: Bound data source [java:jboss/datasources/school]
12:14:37,847 INFO  [org.wildfly.extension.undertow] (MSC service thread 1-6) JBAS017534: Registered web context: /hello
12:14:37,926 INFO  [org.jboss.as.server] (Controller Boot Thread) JBAS018559: Deployed "mysql-connector-java-5.1.34-bin.jar" (runtime-name : "mysql-connector-java-5.1.34-bin.jar")
12:14:37,927 INFO  [org.jboss.as.server] (ServerService Thread Pool -- 28) JBAS018559: Deployed "HelloWorld.war" (runtime-name : "HelloWorld.war")
12:14:38,054 INFO  [org.jboss.as] (Controller Boot Thread) JBAS015961: Http management interface listening on http://127.0.0.1:9990/management
12:14:38,055 INFO  [org.jboss.as] (Controller Boot Thread) JBAS015951: Admin console listening on http://127.0.0.1:9990
12:14:38,056 INFO  [org.jboss.as] (Controller Boot Thread) JBAS015874: WildFly 8.2.0.Final "Tweek" started in 4818ms - Started 292 of 353 services (100 services are lazy, passive or on-demand)
12:15:38,132 INFO  [org.jboss.as.server.deployment.scanner] (DeploymentScanner-threads - 2) JBAS015003: Found DemoProject.ear in deployment directory. To trigger deployment create a file called DemoProject.ear.dodeploy
12:15:38,140 INFO  [org.jboss.as.server.deployment] (MSC service thread 1-3) JBAS015876: Starting deployment of "DemoProject.ear" (runtime-name: "DemoProject.ear")
12:15:38,200 INFO  [org.jboss.as.server.deployment] (MSC service thread 1-5) JBAS015973: Starting subdeployment (runtime-name: "DemoEJB.jar")
12:15:38,200 INFO  [org.jboss.as.server.deployment] (MSC service thread 1-4) JBAS015973: Starting subdeployment (runtime-name: "DemoWeb.war")
12:15:38,340 INFO  [org.jboss.as.jpa] (MSC service thread 1-2) JBAS011401: Read persistence.xml for DemoEJB
12:15:38,416 INFO  [org.jboss.as.jpa] (ServerService Thread Pool -- 52) JBAS011409: Starting Persistence Unit (phase 1 of 2) Service 'DemoProject.ear/DemoEJB.jar#DemoEJB'
12:15:38,420 INFO  [org.jboss.weld.deployer] (MSC service thread 1-1) JBAS016002: Processing weld deployment DemoProject.ear
12:15:38,449 INFO  [org.hibernate.jpa.internal.util.LogHelper] (ServerService Thread Pool -- 52) HHH000204: Processing PersistenceUnitInfo [
	name: DemoEJB
	...]
12:15:38,516 INFO  [org.hibernate.validator.internal.util.Version] (MSC service thread 1-1) HV000001: Hibernate Validator 5.1.3.Final
12:15:38,565 INFO  [org.hibernate.Version] (ServerService Thread Pool -- 52) HHH000412: Hibernate Core {4.3.7.Final}
12:15:38,567 INFO  [org.hibernate.cfg.Environment] (ServerService Thread Pool -- 52) HHH000206: hibernate.properties not found
12:15:38,569 INFO  [org.hibernate.cfg.Environment] (ServerService Thread Pool -- 52) HHH000021: Bytecode provider name : javassist
12:15:38,635 INFO  [org.jboss.weld.deployer] (MSC service thread 1-2) JBAS016002: Processing weld deployment DemoEJB.jar
12:15:38,642 INFO  [org.jboss.weld.deployer] (MSC service thread 1-1) JBAS016002: Processing weld deployment DemoWeb.war
12:15:38,690 INFO  [org.jboss.weld.deployer] (MSC service thread 1-8) JBAS016005: Starting Services for CDI deployment: DemoProject.ear
12:15:38,746 INFO  [org.jboss.weld.Version] (MSC service thread 1-8) WELD-000900: 2.2.6 (Final)
12:15:38,757 INFO  [org.jboss.weld.deployer] (MSC service thread 1-5) JBAS016008: Starting weld service for deployment DemoProject.ear
12:15:39,314 INFO  [org.jboss.as.jpa] (ServerService Thread Pool -- 52) JBAS011409: Starting Persistence Unit (phase 2 of 2) Service 'DemoProject.ear/DemoEJB.jar#DemoEJB'
12:15:39,508 INFO  [org.hibernate.annotations.common.Version] (ServerService Thread Pool -- 52) HCANN000001: Hibernate Commons Annotations {4.0.4.Final}
12:15:39,777 INFO  [org.hibernate.dialect.Dialect] (ServerService Thread Pool -- 52) HHH000400: Using dialect: org.hibernate.dialect.H2Dialect
12:15:39,790 WARN  [org.hibernate.dialect.H2Dialect] (ServerService Thread Pool -- 52) HHH000431: Unable to determine H2 database version, certain features may not work
12:15:39,836 INFO  [org.hibernate.hql.internal.ast.ASTQueryTranslatorFactory] (ServerService Thread Pool -- 52) HHH000397: Using ASTQueryTranslatorFactory
12:15:40,307 INFO  [javax.enterprise.resource.webcontainer.jsf.config] (MSC service thread 1-2) Initializing Mojarra 2.2.8-jbossorg-1 20140822-1131 for context '/DemoWeb'
12:15:41,543 INFO  [org.wildfly.extension.undertow] (MSC service thread 1-2) JBAS017534: Registered web context: /DemoWeb
12:15:41,728 INFO  [org.jboss.as.server] (DeploymentScanner-threads - 1) JBAS018559: Deployed "DemoProject.ear" (runtime-name : "DemoProject.ear")
12:15:42,941 ERROR [io.undertow.request] (default task-5) UT005023: Exception handling request to /DemoWeb/: javax.servlet.ServletException: The FacesServlet cannot have a url-pattern of /*.  Please define a different url-pattern.
	at javax.faces.webapp.FacesServlet.service(FacesServlet.java:659) [jboss-jsf-api_2.2_spec-2.2.8.jar:2.2.8]
	at io.undertow.servlet.handlers.ServletHandler.handleRequest(ServletHandler.java:85) [undertow-servlet-1.1.0.Final.jar:1.1.0.Final]
	at io.undertow.servlet.handlers.security.ServletSecurityRoleHandler.handleRequest(ServletSecurityRoleHandler.java:61) [undertow-servlet-1.1.0.Final.jar:1.1.0.Final]
	at io.undertow.servlet.handlers.ServletDispatchingHandler.handleRequest(ServletDispatchingHandler.java:36) [undertow-servlet-1.1.0.Final.jar:1.1.0.Final]
	at org.wildfly.extension.undertow.security.SecurityContextAssociationHandler.handleRequest(SecurityContextAssociationHandler.java:78)
	at io.undertow.server.handlers.PredicateHandler.handleRequest(PredicateHandler.java:43) [undertow-core-1.1.0.Final.jar:1.1.0.Final]
	at io.undertow.servlet.handlers.security.SSLInformationAssociationHandler.handleRequest(SSLInformationAssociationHandler.java:131) [undertow-servlet-1.1.0.Final.jar:1.1.0.Final]
	at io.undertow.servlet.handlers.security.ServletAuthenticationCallHandler.handleRequest(ServletAuthenticationCallHandler.java:56) [undertow-servlet-1.1.0.Final.jar:1.1.0.Final]
	at io.undertow.server.handlers.PredicateHandler.handleRequest(PredicateHandler.java:43) [undertow-core-1.1.0.Final.jar:1.1.0.Final]
	at io.undertow.security.handlers.AbstractConfidentialityHandler.handleRequest(AbstractConfidentialityHandler.java:45) [undertow-core-1.1.0.Final.jar:1.1.0.Final]
	at io.undertow.servlet.handlers.security.ServletConfidentialityConstraintHandler.handleRequest(ServletConfidentialityConstraintHandler.java:63) [undertow-servlet-1.1.0.Final.jar:1.1.0.Final]
	at io.undertow.security.handlers.AuthenticationMechanismsHandler.handleRequest(AuthenticationMechanismsHandler.java:58) [undertow-core-1.1.0.Final.jar:1.1.0.Final]
	at io.undertow.servlet.handlers.security.CachedAuthenticatedSessionHandler.handleRequest(CachedAuthenticatedSessionHandler.java:70) [undertow-servlet-1.1.0.Final.jar:1.1.0.Final]
	at io.undertow.security.handlers.SecurityInitialHandler.handleRequest(SecurityInitialHandler.java:76) [undertow-core-1.1.0.Final.jar:1.1.0.Final]
	at io.undertow.server.handlers.PredicateHandler.handleRequest(PredicateHandler.java:43) [undertow-core-1.1.0.Final.jar:1.1.0.Final]
	at org.wildfly.extension.undertow.security.jacc.JACCContextIdHandler.handleRequest(JACCContextIdHandler.java:61)
	at io.undertow.server.handlers.PredicateHandler.handleRequest(PredicateHandler.java:43) [undertow-core-1.1.0.Final.jar:1.1.0.Final]
	at io.undertow.server.handlers.PredicateHandler.handleRequest(PredicateHandler.java:43) [undertow-core-1.1.0.Final.jar:1.1.0.Final]
	at io.undertow.servlet.handlers.ServletInitialHandler.handleFirstRequest(ServletInitialHandler.java:261) [undertow-servlet-1.1.0.Final.jar:1.1.0.Final]
	at io.undertow.servlet.handlers.ServletInitialHandler.dispatchRequest(ServletInitialHandler.java:247) [undertow-servlet-1.1.0.Final.jar:1.1.0.Final]
	at io.undertow.servlet.handlers.ServletInitialHandler.access$000(ServletInitialHandler.java:76) [undertow-servlet-1.1.0.Final.jar:1.1.0.Final]
	at io.undertow.servlet.handlers.ServletInitialHandler$1.handleRequest(ServletInitialHandler.java:166) [undertow-servlet-1.1.0.Final.jar:1.1.0.Final]
	at io.undertow.server.Connectors.executeRootHandler(Connectors.java:197) [undertow-core-1.1.0.Final.jar:1.1.0.Final]
	at io.undertow.server.HttpServerExchange$1.run(HttpServerExchange.java:759) [undertow-core-1.1.0.Final.jar:1.1.0.Final]
	at java.util.concurrent.ThreadPoolExecutor.runWorker(ThreadPoolExecutor.java:1142) [rt.jar:1.8.0_40]
	at java.util.concurrent.ThreadPoolExecutor$Worker.run(ThreadPoolExecutor.java:617) [rt.jar:1.8.0_40]
	at java.lang.Thread.run(Thread.java:745) [rt.jar:1.8.0_40]
Caused by: javax.faces.FacesException: The FacesServlet cannot have a url-pattern of /*.  Please define a different url-pattern.
	at com.sun.faces.application.view.JspViewHandlingStrategy.executePageToBuildView(JspViewHandlingStrategy.java:329) [jsf-impl-2.2.8-jbossorg-1.jar:]
	at com.sun.faces.application.view.JspViewHandlingStrategy.buildView(JspViewHandlingStrategy.java:153) [jsf-impl-2.2.8-jbossorg-1.jar:]
	at com.sun.faces.lifecycle.RenderResponsePhase.execute(RenderResponsePhase.java:99) [jsf-impl-2.2.8-jbossorg-1.jar:]
	at com.sun.faces.lifecycle.Phase.doPhase(Phase.java:101) [jsf-impl-2.2.8-jbossorg-1.jar:]
	at com.sun.faces.lifecycle.LifecycleImpl.render(LifecycleImpl.java:219) [jsf-impl-2.2.8-jbossorg-1.jar:]
	at javax.faces.webapp.FacesServlet.service(FacesServlet.java:647) [jboss-jsf-api_2.2_spec-2.2.8.jar:2.2.8]
	... 26 more

